FITLD2: Task FITLD  (release of 31DEC17) begins
FITLD2: WARNING: 64-bit input stored in 32 bits inside AIPS
FITLD2: WARNING: 64-bit input stored in 32 bits inside AIPS
FITLD2: Create FITLD       .TEMP  .   1 (MA)  on disk  1  cno   86
FITLD2: Rename zeros       .FITS  .   2 (MA)  on disk 1 cno   86
FITLD2: Image=NONE      (MA)         Filename=zeros       .FITS  .   2
FITLD2: Telescope=                   Receiver=
FITLD2: Observer=                    User #=    2
FITLD2: Observ. date=BAD DATE        Map date=23-OCT-2018
FITLD2: Minimum= 0.00000000E+00      Maximum= 0.00000000E+00
FITLD2: ----------------------------------------------------------------
FITLD2: Type    Pixels   Coord value     at Pixel     Coord incr   Rotat
FITLD2: RA---SIN   128    00 00 00.000      64.00      -0.024000    0.00
FITLD2: DEC--SIN   128    60 00 00.000      65.00       0.024000    0.00
FITLD2: ----------------------------------------------------------------
FITLD2: Coordinate equinox 2000.00
FITLD2: Maximum version number of extension files of type HI is   1
FITLD2: Appears to have ended successfully
FITLD2: localhost    31DEC17 TST: Cpu=       0.0  Real=       0
INDXR2: Task INDXR  (release of 31DEC17) begins
INDXR2: INPUT FILE MUST BE IN TIME-ORDER (USE UVSRT FIRST)
INDXR2: Purports to die of UNNATURAL causes
INDXR2: localhost    31DEC17 TST: Cpu=       0.0  Real=       0
***pload error - 30 sec sleep***
FITLD2: Task FITLD  (release of 31DEC17) begins
FITLD2: WARNING: 64-bit input stored in 32 bits inside AIPS
FITLD2: WARNING: 64-bit input stored in 32 bits inside AIPS
FITLD2: Create FITLD       .TEMP  .   1 (MA)  on disk  1  cno  111
FITLD2: Rename zeros       .FITS  .   3 (MA)  on disk 1 cno  111
FITLD2: Image=NONE      (MA)         Filename=zeros       .FITS  .   3
FITLD2: Telescope=                   Receiver=
FITLD2: Observer=                    User #=    2
FITLD2: Observ. date=BAD DATE        Map date=23-OCT-2018
FITLD2: Minimum= 0.00000000E+00      Maximum= 0.00000000E+00
FITLD2: ----------------------------------------------------------------
FITLD2: Type    Pixels   Coord value     at Pixel     Coord incr   Rotat
FITLD2: RA---SIN   128    00 00 00.000      64.00      -0.024000    0.00
FITLD2: DEC--SIN   128    60 00 00.000      65.00       0.024000    0.00
FITLD2: ----------------------------------------------------------------
FITLD2: Coordinate equinox 2000.00
FITLD2: Maximum version number of extension files of type HI is   1
FITLD2: Appears to have ended successfully
FITLD2: localhost    31DEC17 TST: Cpu=       0.0  Real=       0
INDXR2: Task INDXR  (release of 31DEC17) begins
INDXR2: INPUT FILE MUST BE IN TIME-ORDER (USE UVSRT FIRST)
INDXR2: Purports to die of UNNATURAL causes
INDXR2: localhost    31DEC17 TST: Cpu=       0.0  Real=       0
***pload error 2***
Error finding AIPS catalog entry
